[FATAL] 2022-06-30 12:26:53.008 [main] StepDef - Setup1 executed...
[INFO ] 2022-06-30 12:26:53.059 [main] StepDef - chrome browser launched
[INFO ] 2022-06-30 12:26:55.960 [main] StepDef - url opened
[INFO ] 2022-06-30 12:26:56.173 [main] StepDef - email address and password entered
[INFO ] 2022-06-30 12:27:00.439 [main] StepDef - Clicked on login button
[WARN ] 2022-06-30 12:27:00.449 [main] StepDef - Test passed: Login feature :Page title matched.
[INFO ] 2022-06-30 12:27:02.322 [main] StepDef - user clicked on logout link.
[WARN ] 2022-06-30 12:27:02.328 [main] StepDef - Test passed: Login feature :Page title matched.
[INFO ] 2022-06-30 12:27:02.402 [main] StepDef - Browser closed
[FATAL] 2022-06-30 12:52:44.932 [main] StepDef - Setup1 executed...
[INFO ] 2022-06-30 12:52:45.044 [main] StepDef - chrome browser launched
[INFO ] 2022-06-30 12:52:50.034 [main] StepDef - url opened
[INFO ] 2022-06-30 12:52:50.252 [main] StepDef - email address and password entered
[INFO ] 2022-06-30 12:53:01.017 [main] StepDef - Clicked on login button
[INFO ] 2022-06-30 12:53:01.024 [main] StepDef - user can view dashboard test passed.
[INFO ] 2022-06-30 12:53:01.084 [main] StepDef - customer menu clicked
[INFO ] 2022-06-30 12:53:07.784 [main] StepDef - customer menu item clicked
[INFO ] 2022-06-30 12:53:15.205 [main] StepDef - clicked on add new button.
[INFO ] 2022-06-30 12:53:15.212 [main] StepDef - User can view Add new customer page- passed
[INFO ] 2022-06-30 12:53:16.069 [main] StepDef - customer information entered
[INFO ] 2022-06-30 12:53:17.867 [main] StepDef - clicked on save button
[INFO ] 2022-06-30 12:53:18.477 [main] StepDef - User can view confirmation message - passed
[INFO ] 2022-06-30 12:53:18.576 [main] StepDef - Browser closed
[FATAL] 2022-06-30 12:53:19.839 [main] StepDef - Setup1 executed...
[INFO ] 2022-06-30 12:53:19.845 [main] StepDef - chrome browser launched
[INFO ] 2022-06-30 12:53:20.891 [main] StepDef - url opened
[INFO ] 2022-06-30 12:53:21.184 [main] StepDef - email address and password entered
[INFO ] 2022-06-30 12:53:25.677 [main] StepDef - Clicked on login button
[INFO ] 2022-06-30 12:53:25.685 [main] StepDef - user can view dashboard test passed.
[INFO ] 2022-06-30 12:53:25.745 [main] StepDef - customer menu clicked
[INFO ] 2022-06-30 12:53:29.537 [main] StepDef - customer menu item clicked
[INFO ] 2022-06-30 12:53:31.630 [main] StepDef - Email address entered
[INFO ] 2022-06-30 12:53:31.677 [main] StepDef - Clicked on search button.
[INFO ] 2022-06-30 12:53:33.731 [main] StepDef - User should found Email in the Search table - passed
[INFO ] 2022-06-30 12:53:33.818 [main] StepDef - Browser closed
[FATAL] 2022-06-30 12:53:35.020 [main] StepDef - Setup1 executed...
[INFO ] 2022-06-30 12:53:35.023 [main] StepDef - chrome browser launched
[INFO ] 2022-06-30 12:53:36.756 [main] StepDef - url opened
[INFO ] 2022-06-30 12:53:37.045 [main] StepDef - email address and password entered
[INFO ] 2022-06-30 12:53:40.526 [main] StepDef - Clicked on login button
[INFO ] 2022-06-30 12:53:40.533 [main] StepDef - user can view dashboard test passed.
[INFO ] 2022-06-30 12:53:40.610 [main] StepDef - customer menu clicked
[INFO ] 2022-06-30 12:53:44.728 [main] StepDef - customer menu item clicked
[INFO ] 2022-06-30 12:53:46.998 [main] StepDef - Clicked on search button.
[INFO ] 2022-06-30 12:53:49.114 [main] StepDef - Browser closed
[FATAL] 2022-06-30 12:53:50.305 [main] StepDef - Setup1 executed...
[INFO ] 2022-06-30 12:53:50.309 [main] StepDef - chrome browser launched
[INFO ] 2022-06-30 12:53:51.418 [main] StepDef - url opened
[INFO ] 2022-06-30 12:53:51.713 [main] StepDef - email address and password entered
[INFO ] 2022-06-30 12:53:56.086 [main] StepDef - Clicked on login button
[WARN ] 2022-06-30 12:53:56.169 [main] StepDef - Test passed: Login feature :Page title matched.
[INFO ] 2022-06-30 12:53:57.713 [main] StepDef - user clicked on logout link.
[WARN ] 2022-06-30 12:53:57.718 [main] StepDef - Test passed: Login feature :Page title matched.
[INFO ] 2022-06-30 12:53:57.790 [main] StepDef - Browser closed
[FATAL] 2022-06-30 12:53:58.800 [main] StepDef - Setup1 executed...
[INFO ] 2022-06-30 12:53:58.802 [main] StepDef - chrome browser launched
[INFO ] 2022-06-30 12:54:00.161 [main] StepDef - url opened
[INFO ] 2022-06-30 12:54:00.455 [main] StepDef - email address and password entered
[INFO ] 2022-06-30 12:54:04.329 [main] StepDef - Clicked on login button
[WARN ] 2022-06-30 12:54:04.336 [main] StepDef - Test passed: Login feature :Page title matched.
[INFO ] 2022-06-30 12:54:05.866 [main] StepDef - user clicked on logout link.
[WARN ] 2022-06-30 12:54:05.873 [main] StepDef - Test passed: Login feature :Page title matched.
[INFO ] 2022-06-30 12:54:05.942 [main] StepDef - Browser closed
[FATAL] 2022-06-30 14:02:37.610 [main] StepDef - Setup1 executed...
[INFO ] 2022-06-30 14:02:37.669 [main] StepDef - chrome browser launched
[INFO ] 2022-06-30 14:02:40.165 [main] StepDef - url opened
[INFO ] 2022-06-30 14:02:40.485 [main] StepDef - email address and password entered
[INFO ] 2022-06-30 14:02:44.847 [main] StepDef - Clicked on login button
[INFO ] 2022-06-30 14:02:44.853 [main] StepDef - user can view dashboard test passed.
[INFO ] 2022-06-30 14:02:44.948 [main] StepDef - customer menu clicked
[INFO ] 2022-06-30 14:02:48.812 [main] StepDef - customer menu item clicked
[INFO ] 2022-06-30 14:02:52.849 [main] StepDef - clicked on add new button.
[INFO ] 2022-06-30 14:02:52.856 [main] StepDef - User can view Add new customer page- passed
[INFO ] 2022-06-30 14:02:53.646 [main] StepDef - customer information entered
[INFO ] 2022-06-30 14:02:55.101 [main] StepDef - clicked on save button
[INFO ] 2022-06-30 14:02:55.736 [main] StepDef - User can view confirmation message - passed
[FATAL] 2022-06-30 14:02:57.158 [main] StepDef - Setup1 executed...
[INFO ] 2022-06-30 14:02:57.160 [main] StepDef - chrome browser launched
[INFO ] 2022-06-30 14:02:58.616 [main] StepDef - url opened
[INFO ] 2022-06-30 14:02:58.956 [main] StepDef - email address and password entered
[INFO ] 2022-06-30 14:03:03.368 [main] StepDef - Clicked on login button
[INFO ] 2022-06-30 14:03:03.377 [main] StepDef - user can view dashboard test passed.
[INFO ] 2022-06-30 14:03:03.496 [main] StepDef - customer menu clicked
[INFO ] 2022-06-30 14:03:07.221 [main] StepDef - customer menu item clicked
[INFO ] 2022-06-30 14:03:09.313 [main] StepDef - Email address entered
[INFO ] 2022-06-30 14:03:09.357 [main] StepDef - Clicked on search button.
[INFO ] 2022-06-30 14:03:11.411 [main] StepDef - User should found Email in the Search table - passed
[FATAL] 2022-06-30 14:03:13.316 [main] StepDef - Setup1 executed...
[INFO ] 2022-06-30 14:03:13.318 [main] StepDef - chrome browser launched
[INFO ] 2022-06-30 14:03:15.864 [main] StepDef - url opened
[INFO ] 2022-06-30 14:03:16.082 [main] StepDef - email address and password entered
[INFO ] 2022-06-30 14:03:20.076 [main] StepDef - Clicked on login button
[INFO ] 2022-06-30 14:03:20.082 [main] StepDef - user can view dashboard test passed.
[INFO ] 2022-06-30 14:03:20.174 [main] StepDef - customer menu clicked
[INFO ] 2022-06-30 14:03:23.698 [main] StepDef - customer menu item clicked
[INFO ] 2022-06-30 14:03:25.905 [main] StepDef - Clicked on search button.
[FATAL] 2022-06-30 14:04:35.892 [main] StepDef - Setup1 executed...
[INFO ] 2022-06-30 14:04:35.956 [main] StepDef - chrome browser launched
[INFO ] 2022-06-30 14:04:39.935 [main] StepDef - url opened
[INFO ] 2022-06-30 14:04:40.134 [main] StepDef - email address and password entered
[INFO ] 2022-06-30 14:04:43.474 [main] StepDef - Clicked on login button
[WARN ] 2022-06-30 14:04:43.483 [main] StepDef - Test passed: Login feature :Page title matched.
[INFO ] 2022-06-30 14:04:45.132 [main] StepDef - user clicked on logout link.
[WARN ] 2022-06-30 14:04:45.138 [main] StepDef - Test passed: Login feature :Page title matched.
[FATAL] 2022-06-30 14:05:40.384 [main] StepDef - Setup1 executed...
[INFO ] 2022-06-30 14:05:40.434 [main] StepDef - chrome browser launched
[INFO ] 2022-06-30 14:05:43.060 [main] StepDef - url opened
[INFO ] 2022-06-30 14:05:43.363 [main] StepDef - email address and password entered
[INFO ] 2022-06-30 14:05:47.713 [main] StepDef - Clicked on login button
[WARN ] 2022-06-30 14:05:47.721 [main] StepDef - Test passed: Login feature :Page title matched.
[INFO ] 2022-06-30 14:05:49.779 [main] StepDef - user clicked on logout link.
[WARN ] 2022-06-30 14:05:49.785 [main] StepDef - Test passed: Login feature :Page title matched.
[FATAL] 2022-06-30 14:05:50.982 [main] StepDef - Setup1 executed...
[INFO ] 2022-06-30 14:05:50.987 [main] StepDef - chrome browser launched
[INFO ] 2022-06-30 14:05:52.048 [main] StepDef - url opened
[INFO ] 2022-06-30 14:05:52.353 [main] StepDef - email address and password entered
[INFO ] 2022-06-30 14:05:55.306 [main] StepDef - Clicked on login button
[WARN ] 2022-06-30 14:05:55.313 [main] StepDef - Test passed: Login feature :Page title matched.
[INFO ] 2022-06-30 14:05:57.030 [main] StepDef - user clicked on logout link.
[WARN ] 2022-06-30 14:05:57.036 [main] StepDef - Test passed: Login feature :Page title matched.
[FATAL] 2022-06-30 14:06:55.807 [main] StepDef - Setup1 executed...
[INFO ] 2022-06-30 14:06:55.866 [main] StepDef - chrome browser launched
[INFO ] 2022-06-30 14:06:58.609 [main] StepDef - url opened
[INFO ] 2022-06-30 14:06:58.822 [main] StepDef - email address and password entered
[INFO ] 2022-06-30 14:07:03.756 [main] StepDef - Clicked on login button
[WARN ] 2022-06-30 14:07:03.765 [main] StepDef - Test passed: Login feature :Page title matched.
[INFO ] 2022-06-30 14:07:05.595 [main] StepDef - user clicked on logout link.
[WARN ] 2022-06-30 14:07:05.602 [main] StepDef - Test passed: Login feature :Page title matched.
[FATAL] 2022-06-30 15:20:55.539 [main] StepDef - Setup1 executed...
[INFO ] 2022-06-30 15:20:55.597 [main] StepDef - chrome browser launched
[INFO ] 2022-06-30 15:20:59.008 [main] StepDef - url opened
[INFO ] 2022-06-30 15:20:59.283 [main] StepDef - email address and password entered
[INFO ] 2022-06-30 15:21:10.769 [main] StepDef - Clicked on login button
[WARN ] 2022-06-30 15:21:10.779 [main] StepDef - Test passed: Login feature :Page title matched.
[INFO ] 2022-06-30 15:21:12.480 [main] StepDef - user clicked on logout link.
[WARN ] 2022-06-30 15:21:12.491 [main] StepDef - Test passed: Login feature :Page title matched.
[INFO ] 2022-06-30 15:21:12.620 [main] StepDef - Browser closed
[FATAL] 2022-06-30 15:59:14.299 [main] StepDef - Setup1 executed...
[INFO ] 2022-06-30 15:59:14.349 [main] StepDef - chrome browser launched
[INFO ] 2022-06-30 15:59:20.125 [main] StepDef - url opened
[INFO ] 2022-06-30 15:59:20.377 [main] StepDef - email address and password entered
[INFO ] 2022-06-30 15:59:28.806 [main] StepDef - Clicked on login button
[INFO ] 2022-06-30 15:59:28.813 [main] StepDef - user can view dashboard test passed.
[INFO ] 2022-06-30 15:59:28.884 [main] StepDef - customer menu clicked
[INFO ] 2022-06-30 15:59:33.213 [main] StepDef - customer menu item clicked
[INFO ] 2022-06-30 15:59:36.764 [main] StepDef - clicked on add new button.
[INFO ] 2022-06-30 15:59:37.313 [main] StepDef - User can view Add new customer page- passed
[INFO ] 2022-06-30 15:59:38.652 [main] StepDef - customer information entered
[INFO ] 2022-06-30 15:59:40.972 [main] StepDef - clicked on save button
[INFO ] 2022-06-30 15:59:41.651 [main] StepDef - User can view confirmation message - passed
[INFO ] 2022-06-30 15:59:41.790 [main] StepDef - Browser closed
[FATAL] 2022-06-30 15:59:42.851 [main] StepDef - Setup1 executed...
[INFO ] 2022-06-30 15:59:42.853 [main] StepDef - chrome browser launched
[INFO ] 2022-06-30 15:59:45.012 [main] StepDef - url opened
[INFO ] 2022-06-30 15:59:45.238 [main] StepDef - email address and password entered
[INFO ] 2022-06-30 15:59:50.398 [main] StepDef - Clicked on login button
[INFO ] 2022-06-30 15:59:50.410 [main] StepDef - user can view dashboard test passed.
[INFO ] 2022-06-30 15:59:50.494 [main] StepDef - customer menu clicked
[INFO ] 2022-06-30 15:59:55.080 [main] StepDef - customer menu item clicked
[INFO ] 2022-06-30 15:59:57.215 [main] StepDef - Email address entered
[INFO ] 2022-06-30 15:59:57.288 [main] StepDef - Clicked on search button.
[INFO ] 2022-06-30 15:59:59.349 [main] StepDef - User should found Email in the Search table - passed
[INFO ] 2022-06-30 15:59:59.448 [main] StepDef - Browser closed
[FATAL] 2022-06-30 16:00:00.361 [main] StepDef - Setup1 executed...
[INFO ] 2022-06-30 16:00:00.364 [main] StepDef - chrome browser launched
[INFO ] 2022-06-30 16:00:02.934 [main] StepDef - url opened
[INFO ] 2022-06-30 16:00:03.136 [main] StepDef - email address and password entered
[INFO ] 2022-06-30 16:00:11.651 [main] StepDef - Clicked on login button
[INFO ] 2022-06-30 16:00:11.660 [main] StepDef - user can view dashboard test passed.
[INFO ] 2022-06-30 16:00:11.739 [main] StepDef - customer menu clicked
[INFO ] 2022-06-30 16:00:16.599 [main] StepDef - customer menu item clicked
[INFO ] 2022-06-30 16:00:18.832 [main] StepDef - Clicked on search button.
[INFO ] 2022-06-30 16:00:20.958 [main] StepDef - Browser closed
[FATAL] 2022-06-30 16:00:33.045 [main] StepDef - Setup1 executed...
[INFO ] 2022-06-30 16:00:33.086 [main] StepDef - chrome browser launched
[INFO ] 2022-06-30 16:00:34.716 [main] StepDef - url opened
[INFO ] 2022-06-30 16:00:34.962 [main] StepDef - email address and password entered
[INFO ] 2022-06-30 16:00:39.044 [main] StepDef - Clicked on login button
[WARN ] 2022-06-30 16:00:39.058 [main] StepDef - Test passed: Login feature :Page title matched.
[INFO ] 2022-06-30 16:00:41.539 [main] StepDef - user clicked on logout link.
[WARN ] 2022-06-30 16:00:41.548 [main] StepDef - Test passed: Login feature :Page title matched.
[INFO ] 2022-06-30 16:00:41.631 [main] StepDef - Browser closed
[FATAL] 2022-06-30 16:00:42.607 [main] StepDef - Setup1 executed...
[INFO ] 2022-06-30 16:00:42.612 [main] StepDef - chrome browser launched
[INFO ] 2022-06-30 16:00:44.121 [main] StepDef - url opened
[INFO ] 2022-06-30 16:00:44.351 [main] StepDef - email address and password entered
[INFO ] 2022-06-30 16:00:48.129 [main] StepDef - Clicked on login button
[WARN ] 2022-06-30 16:00:48.143 [main] StepDef - Test passed: Login feature :Page title matched.
[INFO ] 2022-06-30 16:00:50.846 [main] StepDef - user clicked on logout link.
[WARN ] 2022-06-30 16:00:50.854 [main] StepDef - Test passed: Login feature :Page title matched.
[INFO ] 2022-06-30 16:00:50.937 [main] StepDef - Browser closed
[FATAL] 2022-06-30 16:03:49.715 [main] StepDef - Setup1 executed...
[INFO ] 2022-06-30 16:03:49.759 [main] StepDef - chrome browser launched
[INFO ] 2022-06-30 16:03:52.480 [main] StepDef - url opened
[INFO ] 2022-06-30 16:03:52.798 [main] StepDef - email address and password entered
[INFO ] 2022-06-30 16:04:09.543 [main] StepDef - Clicked on login button
[WARN ] 2022-06-30 16:04:09.555 [main] StepDef - Test passed: Login feature :Page title matched.
[INFO ] 2022-06-30 16:04:13.285 [main] StepDef - user clicked on logout link.
[WARN ] 2022-06-30 16:04:13.298 [main] StepDef - Test passed: Login feature :Page title matched.
[INFO ] 2022-06-30 16:04:13.382 [main] StepDef - Browser closed
[FATAL] 2022-06-30 16:05:31.066 [main] StepDef - Setup1 executed...
[INFO ] 2022-06-30 16:05:31.105 [main] StepDef - chrome browser launched
[INFO ] 2022-06-30 16:05:33.790 [main] StepDef - url opened
[INFO ] 2022-06-30 16:05:34.023 [main] StepDef - email address and password entered
[INFO ] 2022-06-30 16:05:39.559 [main] StepDef - Clicked on login button
[INFO ] 2022-06-30 16:05:39.570 [main] StepDef - user can view dashboard test passed.
[INFO ] 2022-06-30 16:05:39.660 [main] StepDef - customer menu clicked
[INFO ] 2022-06-30 16:05:44.989 [main] StepDef - customer menu item clicked
[INFO ] 2022-06-30 16:05:51.320 [main] StepDef - clicked on add new button.
[INFO ] 2022-06-30 16:05:51.352 [main] StepDef - User can view Add new customer page- passed
[INFO ] 2022-06-30 16:05:52.368 [main] StepDef - customer information entered
[INFO ] 2022-06-30 16:05:54.179 [main] StepDef - clicked on save button
[INFO ] 2022-06-30 16:05:54.854 [main] StepDef - User can view confirmation message - passed
[INFO ] 2022-06-30 16:05:54.920 [main] StepDef - Browser closed
[FATAL] 2022-06-30 16:05:55.852 [main] StepDef - Setup1 executed...
[INFO ] 2022-06-30 16:05:55.854 [main] StepDef - chrome browser launched
[INFO ] 2022-06-30 16:05:58.289 [main] StepDef - url opened
[INFO ] 2022-06-30 16:05:58.500 [main] StepDef - email address and password entered
[INFO ] 2022-06-30 16:06:02.212 [main] StepDef - Clicked on login button
[INFO ] 2022-06-30 16:06:02.222 [main] StepDef - user can view dashboard test passed.
[INFO ] 2022-06-30 16:06:02.313 [main] StepDef - customer menu clicked
[INFO ] 2022-06-30 16:06:08.215 [main] StepDef - customer menu item clicked
[INFO ] 2022-06-30 16:06:10.342 [main] StepDef - Email address entered
[INFO ] 2022-06-30 16:06:10.413 [main] StepDef - Clicked on search button.
[INFO ] 2022-06-30 16:06:12.464 [main] StepDef - User should found Email in the Search table - passed
[INFO ] 2022-06-30 16:06:12.577 [main] StepDef - Browser closed
[FATAL] 2022-06-30 16:06:13.507 [main] StepDef - Setup1 executed...
[INFO ] 2022-06-30 16:06:13.510 [main] StepDef - chrome browser launched
[INFO ] 2022-06-30 16:06:16.109 [main] StepDef - url opened
[INFO ] 2022-06-30 16:06:16.346 [main] StepDef - email address and password entered
[INFO ] 2022-06-30 16:06:20.857 [main] StepDef - Clicked on login button
[INFO ] 2022-06-30 16:06:20.864 [main] StepDef - user can view dashboard test passed.
[INFO ] 2022-06-30 16:06:20.966 [main] StepDef - customer menu clicked
[INFO ] 2022-06-30 16:06:25.245 [main] StepDef - customer menu item clicked
[INFO ] 2022-06-30 16:06:27.466 [main] StepDef - Clicked on search button.
[INFO ] 2022-06-30 16:06:29.609 [main] StepDef - Browser closed
[FATAL] 2022-06-30 16:40:34.005 [main] StepDef - Setup1 executed...
[INFO ] 2022-06-30 16:40:34.057 [main] StepDef - chrome browser launched
[INFO ] 2022-06-30 16:40:36.493 [main] StepDef - url opened
[INFO ] 2022-06-30 16:40:36.752 [main] StepDef - email address and password entered
[INFO ] 2022-06-30 16:40:40.929 [main] StepDef - Clicked on login button
[WARN ] 2022-06-30 16:40:40.936 [main] StepDef - Test passed: Login feature :Page title matched.
[INFO ] 2022-06-30 16:40:43.005 [main] StepDef - user clicked on logout link.
[WARN ] 2022-06-30 16:40:43.012 [main] StepDef - Test passed: Login feature :Page title matched.
[INFO ] 2022-06-30 16:40:43.141 [main] StepDef - Browser closed
[FATAL] 2022-06-30 16:40:44.269 [main] StepDef - Setup1 executed...
[INFO ] 2022-06-30 16:40:44.275 [main] StepDef - chrome browser launched
[INFO ] 2022-06-30 16:40:50.968 [main] StepDef - url opened
[INFO ] 2022-06-30 16:40:51.164 [main] StepDef - email address and password entered
[INFO ] 2022-06-30 16:40:57.335 [main] StepDef - Clicked on login button
[WARN ] 2022-06-30 16:40:57.343 [main] StepDef - Test passed: Login feature :Page title matched.
[INFO ] 2022-06-30 16:40:59.372 [main] StepDef - user clicked on logout link.
[WARN ] 2022-06-30 16:40:59.378 [main] StepDef - Test passed: Login feature :Page title matched.
[INFO ] 2022-06-30 16:40:59.453 [main] StepDef - Browser closed
[FATAL] 2022-06-30 16:41:17.209 [main] StepDef - Setup1 executed...
[INFO ] 2022-06-30 16:41:17.268 [main] StepDef - chrome browser launched
[INFO ] 2022-06-30 16:41:20.036 [main] StepDef - url opened
[INFO ] 2022-06-30 16:41:20.328 [main] StepDef - email address and password entered
[INFO ] 2022-06-30 16:41:24.520 [main] StepDef - Clicked on login button
[INFO ] 2022-06-30 16:41:24.527 [main] StepDef - user can view dashboard test passed.
[INFO ] 2022-06-30 16:41:24.669 [main] StepDef - customer menu clicked
[INFO ] 2022-06-30 16:41:27.576 [main] StepDef - customer menu item clicked
[INFO ] 2022-06-30 16:41:31.097 [main] StepDef - clicked on add new button.
[INFO ] 2022-06-30 16:41:31.102 [main] StepDef - User can view Add new customer page- passed
[INFO ] 2022-06-30 16:41:31.843 [main] StepDef - customer information entered
[INFO ] 2022-06-30 16:41:34.548 [main] StepDef - clicked on save button
[INFO ] 2022-06-30 16:41:35.154 [main] StepDef - User can view confirmation message - passed
[INFO ] 2022-06-30 16:41:35.267 [main] StepDef - Browser closed
[FATAL] 2022-06-30 16:41:36.380 [main] StepDef - Setup1 executed...
[INFO ] 2022-06-30 16:41:36.382 [main] StepDef - chrome browser launched
[INFO ] 2022-06-30 16:41:37.801 [main] StepDef - url opened
[INFO ] 2022-06-30 16:41:38.098 [main] StepDef - email address and password entered
[INFO ] 2022-06-30 16:41:42.167 [main] StepDef - Clicked on login button
[INFO ] 2022-06-30 16:41:42.174 [main] StepDef - user can view dashboard test passed.
[INFO ] 2022-06-30 16:41:42.265 [main] StepDef - customer menu clicked
[INFO ] 2022-06-30 16:41:45.854 [main] StepDef - customer menu item clicked
[INFO ] 2022-06-30 16:41:47.940 [main] StepDef - Email address entered
[INFO ] 2022-06-30 16:41:48.000 [main] StepDef - Clicked on search button.
[INFO ] 2022-06-30 16:41:50.049 [main] StepDef - User should found Email in the Search table - passed
[INFO ] 2022-06-30 16:41:50.141 [main] StepDef - Browser closed
[FATAL] 2022-06-30 16:41:51.371 [main] StepDef - Setup1 executed...
[INFO ] 2022-06-30 16:41:51.374 [main] StepDef - chrome browser launched
[INFO ] 2022-06-30 16:41:52.544 [main] StepDef - url opened
[INFO ] 2022-06-30 16:41:52.931 [main] StepDef - email address and password entered
[INFO ] 2022-06-30 16:41:56.060 [main] StepDef - Clicked on login button
[INFO ] 2022-06-30 16:41:56.068 [main] StepDef - user can view dashboard test passed.
[INFO ] 2022-06-30 16:41:56.155 [main] StepDef - customer menu clicked
[INFO ] 2022-06-30 16:41:59.617 [main] StepDef - customer menu item clicked
[INFO ] 2022-06-30 16:42:01.820 [main] StepDef - Clicked on search button.
[INFO ] 2022-06-30 16:42:03.946 [main] StepDef - Browser closed
[FATAL] 2022-06-30 16:45:42.483 [main] StepDef - Setup1 executed...
[INFO ] 2022-06-30 16:45:42.521 [main] StepDef - chrome browser launched
[INFO ] 2022-06-30 16:45:44.804 [main] StepDef - url opened
[INFO ] 2022-06-30 16:45:44.979 [main] StepDef - email address and password entered
[INFO ] 2022-06-30 16:45:49.245 [main] StepDef - Clicked on login button
[INFO ] 2022-06-30 16:45:49.253 [main] StepDef - user can view dashboard test passed.
[INFO ] 2022-06-30 16:45:49.315 [main] StepDef - customer menu clicked
[INFO ] 2022-06-30 16:45:52.790 [main] StepDef - customer menu item clicked
[INFO ] 2022-06-30 16:45:54.985 [main] StepDef - Clicked on search button.
[INFO ] 2022-06-30 16:45:57.121 [main] StepDef - Browser closed
[FATAL] 2022-06-30 16:45:58.250 [main] StepDef - Setup1 executed...
[INFO ] 2022-06-30 16:45:58.254 [main] StepDef - chrome browser launched
[INFO ] 2022-06-30 16:45:59.525 [main] StepDef - url opened
[INFO ] 2022-06-30 16:45:59.836 [main] StepDef - email address and password entered
[INFO ] 2022-06-30 16:46:04.236 [main] StepDef - Clicked on login button
[WARN ] 2022-06-30 16:46:04.242 [main] StepDef - Test passed: Login feature :Page title matched.
[INFO ] 2022-06-30 16:46:06.386 [main] StepDef - user clicked on logout link.
[WARN ] 2022-06-30 16:46:06.393 [main] StepDef - Test passed: Login feature :Page title matched.
[INFO ] 2022-06-30 16:46:06.467 [main] StepDef - Browser closed
[FATAL] 2023-06-02 12:14:41.098 [main] StepDef - Setup1 executed...
[INFO ] 2023-06-02 12:14:41.156 [main] StepDef - chrome browser launched
[FATAL] 2023-06-02 12:14:44.816 [main] StepDef - Setup1 executed...
[INFO ] 2023-06-02 12:14:44.820 [main] StepDef - chrome browser launched
[FATAL] 2023-06-02 12:15:00.556 [main] StepDef - Setup1 executed...
[INFO ] 2023-06-02 12:15:00.647 [main] StepDef - chrome browser launched
[INFO ] 2023-06-02 12:15:02.208 [main] StepDef - url opened
[INFO ] 2023-06-02 12:15:02.559 [main] StepDef - email address and password entered
[INFO ] 2023-06-02 12:15:06.801 [main] StepDef - Clicked on login button
[INFO ] 2023-06-02 12:15:06.822 [main] StepDef - user can view dashboard test passed.
[INFO ] 2023-06-02 12:15:06.953 [main] StepDef - customer menu clicked
[INFO ] 2023-06-02 12:15:10.540 [main] StepDef - customer menu item clicked
[INFO ] 2023-06-02 12:15:12.900 [main] StepDef - Clicked on search button.
[INFO ] 2023-06-02 12:15:15.300 [main] StepDef - Browser closed
[FATAL] 2023-06-02 12:15:16.632 [main] StepDef - Setup1 executed...
[INFO ] 2023-06-02 12:15:16.636 [main] StepDef - chrome browser launched
[INFO ] 2023-06-02 12:15:18.232 [main] StepDef - url opened
[INFO ] 2023-06-02 12:15:18.574 [main] StepDef - email address and password entered
[INFO ] 2023-06-02 12:15:22.734 [main] StepDef - Clicked on login button
[WARN ] 2023-06-02 12:15:22.748 [main] StepDef - Test passed: Login feature :Page title matched.
[INFO ] 2023-06-02 12:15:24.738 [main] StepDef - user clicked on logout link.
[WARN ] 2023-06-02 12:15:24.747 [main] StepDef - Test passed: Login feature :Page title matched.
[INFO ] 2023-06-02 12:15:24.865 [main] StepDef - Browser closed
[FATAL] 2023-06-02 15:23:52.928 [main] StepDef - Setup1 executed...
[INFO ] 2023-06-02 15:23:52.994 [main] StepDef - chrome browser launched
[INFO ] 2023-06-02 15:23:54.577 [main] StepDef - url opened
[INFO ] 2023-06-02 15:23:54.956 [main] StepDef - email address and password entered
[INFO ] 2023-06-02 15:23:59.071 [main] StepDef - Clicked on login button
[INFO ] 2023-06-02 15:23:59.094 [main] StepDef - user can view dashboard test passed.
[INFO ] 2023-06-02 15:23:59.177 [main] StepDef - customer menu clicked
[INFO ] 2023-06-02 15:24:02.742 [main] StepDef - customer menu item clicked
[INFO ] 2023-06-02 15:24:05.037 [main] StepDef - Clicked on search button.
[INFO ] 2023-06-02 15:24:07.267 [main] StepDef - Browser closed
[FATAL] 2023-06-02 15:24:08.449 [main] StepDef - Setup1 executed...
[INFO ] 2023-06-02 15:24:08.452 [main] StepDef - chrome browser launched
[INFO ] 2023-06-02 15:24:09.952 [main] StepDef - url opened
[INFO ] 2023-06-02 15:24:10.270 [main] StepDef - email address and password entered
[INFO ] 2023-06-02 15:24:14.361 [main] StepDef - Clicked on login button
[WARN ] 2023-06-02 15:24:14.377 [main] StepDef - Test passed: Login feature :Page title matched.
[INFO ] 2023-06-02 15:24:16.184 [main] StepDef - user clicked on logout link.
[WARN ] 2023-06-02 15:24:16.193 [main] StepDef - Test passed: Login feature :Page title matched.
[INFO ] 2023-06-02 15:24:16.352 [main] StepDef - Browser closed
[FATAL] 2023-06-03 10:19:21.861 [main] StepDef - Setup1 executed...
[INFO ] 2023-06-03 10:19:21.948 [main] StepDef - chrome browser launched
[INFO ] 2023-06-03 10:19:24.834 [main] StepDef - url opened
[INFO ] 2023-06-03 10:19:24.897 [main] StepDef - Cypress Real World App Loaded Failed
[FATAL] 2023-06-03 10:19:26.681 [main] StepDef - Setup1 executed...
[INFO ] 2023-06-03 10:19:26.686 [main] StepDef - chrome browser launched
[INFO ] 2023-06-03 10:19:28.491 [main] StepDef - url opened
[FATAL] 2023-06-03 10:20:50.743 [main] StepDef - Setup1 executed...
[INFO ] 2023-06-03 10:20:50.831 [main] StepDef - chrome browser launched
[INFO ] 2023-06-03 10:20:53.702 [main] StepDef - url opened
[INFO ] 2023-06-03 10:20:54.383 [main] StepDef - email address and password entered
[INFO ] 2023-06-03 10:20:54.537 [main] StepDef - Clicked on login button
[FATAL] 2023-06-03 10:20:56.197 [main] StepDef - Setup1 executed...
[INFO ] 2023-06-03 10:20:56.199 [main] StepDef - chrome browser launched
[INFO ] 2023-06-03 10:20:59.226 [main] StepDef - url opened
[INFO ] 2023-06-03 10:20:59.966 [main] StepDef - email address and password entered
[INFO ] 2023-06-03 10:21:00.175 [main] StepDef - Clicked on login button
[FATAL] 2023-06-03 10:21:02.248 [main] StepDef - Setup1 executed...
[INFO ] 2023-06-03 10:21:02.251 [main] StepDef - chrome browser launched
[INFO ] 2023-06-03 10:21:05.701 [main] StepDef - url opened
[INFO ] 2023-06-03 10:21:06.437 [main] StepDef - email address and password entered
[INFO ] 2023-06-03 10:21:06.630 [main] StepDef - Clicked on login button
[FATAL] 2023-06-03 10:26:19.661 [main] StepDef - Setup1 executed...
[INFO ] 2023-06-03 10:26:19.743 [main] StepDef - chrome browser launched
[INFO ] 2023-06-03 10:26:22.713 [main] StepDef - url opened
[INFO ] 2023-06-03 10:26:23.395 [main] StepDef - email address and password entered
[INFO ] 2023-06-03 10:26:23.574 [main] StepDef - Clicked on login button
[INFO ] 2023-06-03 10:26:23.588 [main] StepDef - user can view dashboard test passed.
[FATAL] 2023-06-03 10:26:25.642 [main] StepDef - Setup1 executed...
[INFO ] 2023-06-03 10:26:25.646 [main] StepDef - chrome browser launched
[INFO ] 2023-06-03 10:26:27.339 [main] StepDef - url opened
[FATAL] 2023-06-03 10:30:11.350 [main] StepDef - Setup1 executed...
[INFO ] 2023-06-03 10:30:11.445 [main] StepDef - chrome browser launched
[INFO ] 2023-06-03 10:30:14.305 [main] StepDef - url opened
[INFO ] 2023-06-03 10:30:14.379 [main] StepDef - Cypress Real World App Loaded Failed
[FATAL] 2023-06-03 10:30:16.079 [main] StepDef - Setup1 executed...
[INFO ] 2023-06-03 10:30:16.085 [main] StepDef - chrome browser launched
[INFO ] 2023-06-03 10:30:17.622 [main] StepDef - url opened
[FATAL] 2023-06-03 10:32:00.282 [main] StepDef - Setup1 executed...
[INFO ] 2023-06-03 10:32:00.374 [main] StepDef - chrome browser launched
[INFO ] 2023-06-03 10:32:03.210 [main] StepDef - url opened
[INFO ] 2023-06-03 10:32:03.281 [main] StepDef - Cypress Real World App Loaded Failed
[FATAL] 2023-06-03 10:32:04.978 [main] StepDef - Setup1 executed...
[INFO ] 2023-06-03 10:32:04.985 [main] StepDef - chrome browser launched
[INFO ] 2023-06-03 10:32:06.572 [main] StepDef - url opened
[FATAL] 2023-06-03 10:35:36.018 [main] StepDef - Setup1 executed...
[INFO ] 2023-06-03 10:35:36.090 [main] StepDef - chrome browser launched
[INFO ] 2023-06-03 10:35:39.026 [main] StepDef - url opened
[INFO ] 2023-06-03 10:35:39.125 [main] StepDef - Cypress Real World App Loaded Success
[INFO ] 2023-06-03 10:35:39.715 [main] StepDef - email address and password entered
[INFO ] 2023-06-03 10:35:39.879 [main] StepDef - Clicked on login button
[INFO ] 2023-06-03 10:35:39.890 [main] StepDef - user can view dashboard test passed.
[FATAL] 2023-06-03 10:35:42.071 [main] StepDef - Setup1 executed...
[INFO ] 2023-06-03 10:35:42.076 [main] StepDef - chrome browser launched
[INFO ] 2023-06-03 10:35:43.592 [main] StepDef - url opened
[FATAL] 2023-06-03 12:16:03.073 [main] StepDef - Setup1 executed...
[INFO ] 2023-06-03 12:16:03.123 [main] StepDef - chrome browser launched
[INFO ] 2023-06-03 12:16:06.056 [main] StepDef - url opened
[INFO ] 2023-06-03 12:16:06.183 [main] StepDef - Cypress Real World App Loaded Success
[INFO ] 2023-06-03 12:16:06.750 [main] StepDef - email address and password entered
[INFO ] 2023-06-03 12:16:06.882 [main] StepDef - Clicked on login button
[INFO ] 2023-06-03 12:16:06.919 [main] StepDef - user can view dashboard test passed.
[FATAL] 2023-06-03 12:16:08.970 [main] StepDef - Setup1 executed...
[INFO ] 2023-06-03 12:16:08.974 [main] StepDef - chrome browser launched
[INFO ] 2023-06-03 12:16:10.623 [main] StepDef - url opened
[FATAL] 2023-06-03 12:19:51.855 [main] StepDef - Setup1 executed...
[INFO ] 2023-06-03 12:19:51.900 [main] StepDef - chrome browser launched
[INFO ] 2023-06-03 12:19:54.680 [main] StepDef - url opened
[INFO ] 2023-06-03 12:19:54.778 [main] StepDef - Cypress Real World App Loaded Success
[INFO ] 2023-06-03 12:19:55.337 [main] StepDef - email address and password entered
[INFO ] 2023-06-03 12:19:55.508 [main] StepDef - Clicked on login button
[INFO ] 2023-06-03 12:19:55.517 [main] StepDef - user can view dashboard test passed.
[FATAL] 2023-06-03 12:19:57.315 [main] StepDef - Setup1 executed...
[INFO ] 2023-06-03 12:19:57.319 [main] StepDef - chrome browser launched
[INFO ] 2023-06-03 12:19:58.932 [main] StepDef - url opened
[FATAL] 2023-06-03 12:21:58.674 [main] StepDef - Setup1 executed...
[INFO ] 2023-06-03 12:21:58.729 [main] StepDef - chrome browser launched
[INFO ] 2023-06-03 12:22:01.508 [main] StepDef - url opened
[INFO ] 2023-06-03 12:22:01.591 [main] StepDef - Cypress Real World App Loaded Success
[INFO ] 2023-06-03 12:22:02.138 [main] StepDef - email address and password entered
[INFO ] 2023-06-03 12:22:02.295 [main] StepDef - Clicked on login button
[INFO ] 2023-06-03 12:22:02.306 [main] StepDef - user can view dashboard test passed.
[INFO ] 2023-06-03 12:22:15.460 [main] StepDef - customer menu item clicked
[FATAL] 2023-06-03 12:22:19.082 [main] StepDef - Setup1 executed...
[INFO ] 2023-06-03 12:22:19.086 [main] StepDef - chrome browser launched
[INFO ] 2023-06-03 12:22:19.836 [main] StepDef - url opened
[FATAL] 2023-06-03 12:23:28.396 [main] StepDef - Setup1 executed...
[INFO ] 2023-06-03 12:23:28.446 [main] StepDef - chrome browser launched
[INFO ] 2023-06-03 12:23:31.188 [main] StepDef - url opened
[INFO ] 2023-06-03 12:23:31.280 [main] StepDef - Cypress Real World App Loaded Success
[INFO ] 2023-06-03 12:23:31.846 [main] StepDef - email address and password entered
[INFO ] 2023-06-03 12:23:31.981 [main] StepDef - Clicked on login button
[INFO ] 2023-06-03 12:23:32.011 [main] StepDef - user can view dashboard test passed.
[INFO ] 2023-06-03 12:23:35.180 [main] StepDef - customer menu item clicked
[WARN ] 2023-06-03 12:23:38.007 [main] StepDef - User can view Paid confirmation message - failed
[FATAL] 2023-06-03 12:23:40.551 [main] StepDef - Setup1 executed...
[INFO ] 2023-06-03 12:23:40.554 [main] StepDef - chrome browser launched
[INFO ] 2023-06-03 12:23:42.085 [main] StepDef - url opened
[FATAL] 2023-06-03 12:26:18.550 [main] StepDef - Setup1 executed...
[INFO ] 2023-06-03 12:26:18.602 [main] StepDef - chrome browser launched
[INFO ] 2023-06-03 12:26:21.378 [main] StepDef - url opened
[INFO ] 2023-06-03 12:26:21.457 [main] StepDef - Cypress Real World App Loaded Success
[INFO ] 2023-06-03 12:26:22.021 [main] StepDef - email address and password entered
[INFO ] 2023-06-03 12:26:22.188 [main] StepDef - Clicked on login button
[INFO ] 2023-06-03 12:26:22.202 [main] StepDef - user can view dashboard test passed.
[INFO ] 2023-06-03 12:26:25.389 [main] StepDef - customer menu item clicked
[INFO ] 2023-06-03 12:26:28.213 [main] StepDef - User can view Paid confirmation message - failed
[FATAL] 2023-06-03 12:26:30.677 [main] StepDef - Setup1 executed...
[INFO ] 2023-06-03 12:26:30.682 [main] StepDef - chrome browser launched
[INFO ] 2023-06-03 12:26:32.193 [main] StepDef - url opened
[FATAL] 2023-06-03 12:28:53.067 [main] StepDef - Setup1 executed...
[INFO ] 2023-06-03 12:28:53.119 [main] StepDef - chrome browser launched
[INFO ] 2023-06-03 12:28:55.891 [main] StepDef - url opened
[INFO ] 2023-06-03 12:28:55.975 [main] StepDef - Cypress Real World App Loaded Success
[INFO ] 2023-06-03 12:28:56.543 [main] StepDef - email address and password entered
[INFO ] 2023-06-03 12:28:56.698 [main] StepDef - Clicked on login button
[INFO ] 2023-06-03 12:28:56.724 [main] StepDef - user can view dashboard test passed.
[INFO ] 2023-06-03 12:28:59.926 [main] StepDef - customer menu item clicked
[INFO ] 2023-06-03 12:29:02.721 [main] StepDef - User can view Paid confirmation message - failed
[FATAL] 2023-06-03 12:29:05.202 [main] StepDef - Setup1 executed...
[INFO ] 2023-06-03 12:29:05.206 [main] StepDef - chrome browser launched
[INFO ] 2023-06-03 12:29:06.840 [main] StepDef - url opened
[FATAL] 2023-06-03 12:31:33.143 [main] StepDef - Setup1 executed...
[INFO ] 2023-06-03 12:31:33.209 [main] StepDef - chrome browser launched
[INFO ] 2023-06-03 12:31:35.957 [main] StepDef - url opened
[INFO ] 2023-06-03 12:31:36.053 [main] StepDef - Cypress Real World App Loaded Success
[INFO ] 2023-06-03 12:31:36.610 [main] StepDef - email address and password entered
[INFO ] 2023-06-03 12:31:36.767 [main] StepDef - Clicked on login button
[INFO ] 2023-06-03 12:31:36.784 [main] StepDef - user can view dashboard test passed.
[INFO ] 2023-06-03 12:31:39.969 [main] StepDef - customer menu item clicked
[INFO ] 2023-06-03 12:31:42.816 [main] StepDef - User can view Paid confirmation message - passed
[FATAL] 2023-06-03 12:31:45.145 [main] StepDef - Setup1 executed...
[INFO ] 2023-06-03 12:31:45.147 [main] StepDef - chrome browser launched
[INFO ] 2023-06-03 12:31:46.679 [main] StepDef - url opened
[FATAL] 2023-06-03 13:12:47.325 [main] StepDef - Setup1 executed...
[INFO ] 2023-06-03 13:12:47.397 [main] StepDef - chrome browser launched
[INFO ] 2023-06-03 13:12:50.238 [main] StepDef - url opened
[INFO ] 2023-06-03 13:12:50.326 [main] StepDef - Cypress Real World App Loaded Success
[INFO ] 2023-06-03 13:12:50.901 [main] StepDef - email address and password entered
[INFO ] 2023-06-03 13:12:51.066 [main] StepDef - Clicked on login button
[INFO ] 2023-06-03 13:12:51.076 [main] StepDef - user can view dashboard test passed.
[INFO ] 2023-06-03 13:12:54.257 [main] StepDef - customer menu item clicked
[INFO ] 2023-06-03 13:12:57.108 [main] StepDef - User can view Paid confirmation message - passed
[FATAL] 2023-06-03 13:12:59.470 [main] StepDef - Setup1 executed...
[INFO ] 2023-06-03 13:12:59.472 [main] StepDef - chrome browser launched
[INFO ] 2023-06-03 13:13:02.403 [main] StepDef - url opened
[INFO ] 2023-06-03 13:13:02.479 [main] StepDef - Cypress Real World App Loaded Success
[INFO ] 2023-06-03 13:13:03.094 [main] StepDef - email address and password entered
[INFO ] 2023-06-03 13:13:03.230 [main] StepDef - Clicked on login button
[INFO ] 2023-06-03 13:13:03.254 [main] StepDef - user can view dashboard test passed.
[INFO ] 2023-06-03 13:13:06.409 [main] StepDef - customer menu item clicked
[FATAL] 2023-06-03 13:13:11.555 [main] StepDef - Setup1 executed...
[INFO ] 2023-06-03 13:13:11.561 [main] StepDef - chrome browser launched
[INFO ] 2023-06-03 13:13:12.330 [main] StepDef - url opened
[FATAL] 2023-06-03 13:16:52.842 [main] StepDef - Setup1 executed...
[INFO ] 2023-06-03 13:16:52.908 [main] StepDef - chrome browser launched
[INFO ] 2023-06-03 13:16:55.689 [main] StepDef - url opened
[INFO ] 2023-06-03 13:16:55.800 [main] StepDef - Cypress Real World App Loaded Success
[INFO ] 2023-06-03 13:16:56.363 [main] StepDef - email address and password entered
[INFO ] 2023-06-03 13:16:56.518 [main] StepDef - Clicked on login button
[INFO ] 2023-06-03 13:16:56.547 [main] StepDef - user can view dashboard test passed.
[INFO ] 2023-06-03 13:16:59.734 [main] StepDef - customer menu item clicked
[INFO ] 2023-06-03 13:17:02.570 [main] StepDef - User can view Paid confirmation message - passed
[FATAL] 2023-06-03 13:17:05.153 [main] StepDef - Setup1 executed...
[INFO ] 2023-06-03 13:17:05.158 [main] StepDef - chrome browser launched
[INFO ] 2023-06-03 13:17:07.919 [main] StepDef - url opened
[INFO ] 2023-06-03 13:17:08.020 [main] StepDef - Cypress Real World App Loaded Success
[INFO ] 2023-06-03 13:17:08.574 [main] StepDef - email address and password entered
[INFO ] 2023-06-03 13:17:08.742 [main] StepDef - Clicked on login button
[INFO ] 2023-06-03 13:17:08.753 [main] StepDef - user can view dashboard test passed.
[INFO ] 2023-06-03 13:17:11.919 [main] StepDef - customer menu item clicked
[INFO ] 2023-06-03 13:17:14.722 [main] StepDef - User can view Paid confirmation message - passed
[FATAL] 2023-06-03 13:17:17.226 [main] StepDef - Setup1 executed...
[INFO ] 2023-06-03 13:17:17.229 [main] StepDef - chrome browser launched
[INFO ] 2023-06-03 13:17:18.786 [main] StepDef - url opened
[FATAL] 2023-06-03 13:18:53.580 [main] StepDef - Setup1 executed...
[INFO ] 2023-06-03 13:18:53.638 [main] StepDef - chrome browser launched
[INFO ] 2023-06-03 13:18:56.793 [main] StepDef - url opened
[INFO ] 2023-06-03 13:18:56.907 [main] StepDef - Cypress Real World App Loaded Success
[INFO ] 2023-06-03 13:18:57.508 [main] StepDef - email address and password entered
[INFO ] 2023-06-03 13:18:57.679 [main] StepDef - Clicked on login button
[INFO ] 2023-06-03 13:18:57.691 [main] StepDef - user can view dashboard test passed.
[INFO ] 2023-06-03 13:19:00.883 [main] StepDef - customer menu item clicked
[INFO ] 2023-06-03 13:19:03.780 [main] StepDef - User can view Paid confirmation message - passed
[INFO ] 2023-06-03 13:19:04.148 [main] StepDef - Browser closed
[FATAL] 2023-06-03 13:19:06.928 [main] StepDef - Setup1 executed...
[INFO ] 2023-06-03 13:19:06.936 [main] StepDef - chrome browser launched
[INFO ] 2023-06-03 13:19:09.755 [main] StepDef - url opened
[INFO ] 2023-06-03 13:19:09.849 [main] StepDef - Cypress Real World App Loaded Success
[INFO ] 2023-06-03 13:19:10.419 [main] StepDef - email address and password entered
[INFO ] 2023-06-03 13:19:10.572 [main] StepDef - Clicked on login button
[INFO ] 2023-06-03 13:19:10.592 [main] StepDef - user can view dashboard test passed.
[INFO ] 2023-06-03 13:19:13.788 [main] StepDef - customer menu item clicked
[INFO ] 2023-06-03 13:19:16.604 [main] StepDef - User can view Paid confirmation message - passed
[INFO ] 2023-06-03 13:19:16.961 [main] StepDef - Browser closed
[FATAL] 2023-06-03 13:19:18.174 [main] StepDef - Setup1 executed...
[INFO ] 2023-06-03 13:19:18.177 [main] StepDef - chrome browser launched
[INFO ] 2023-06-03 13:19:19.786 [main] StepDef - url opened
[FATAL] 2023-06-03 14:29:50.546 [main] StepDef - Setup1 executed...
[INFO ] 2023-06-03 14:29:50.596 [main] StepDef - chrome browser launched
[INFO ] 2023-06-03 14:29:53.371 [main] StepDef - url opened
[INFO ] 2023-06-03 14:29:53.468 [main] StepDef - Cypress Real World App Loaded Success
[INFO ] 2023-06-03 14:29:54.041 [main] StepDef - email address and password entered
[INFO ] 2023-06-03 14:29:54.200 [main] StepDef - Clicked on login button
[INFO ] 2023-06-03 14:29:54.210 [main] StepDef - user can view dashboard test passed.
[INFO ] 2023-06-03 14:29:57.371 [main] StepDef - customer menu item clicked
[INFO ] 2023-06-03 14:30:00.252 [main] StepDef - User can view Paid confirmation message - passed
[INFO ] 2023-06-03 14:30:00.544 [main] StepDef - Browser closed
[FATAL] 2023-06-03 14:30:03.285 [main] StepDef - Setup1 executed...
[INFO ] 2023-06-03 14:30:03.290 [main] StepDef - chrome browser launched
[INFO ] 2023-06-03 14:30:06.200 [main] StepDef - url opened
[INFO ] 2023-06-03 14:30:06.296 [main] StepDef - Cypress Real World App Loaded Success
[INFO ] 2023-06-03 14:30:06.854 [main] StepDef - email address and password entered
[INFO ] 2023-06-03 14:30:07.016 [main] StepDef - Clicked on login button
[INFO ] 2023-06-03 14:30:07.028 [main] StepDef - user can view dashboard test passed.
[INFO ] 2023-06-03 14:30:10.229 [main] StepDef - customer menu item clicked
[INFO ] 2023-06-03 14:30:13.083 [main] StepDef - User can view Paid confirmation message - passed
[INFO ] 2023-06-03 14:30:13.345 [main] StepDef - Browser closed
[FATAL] 2023-06-03 14:30:15.767 [main] StepDef - Setup1 executed...
[INFO ] 2023-06-03 14:30:15.775 [main] StepDef - chrome browser launched
[INFO ] 2023-06-03 14:30:18.548 [main] StepDef - url opened
[INFO ] 2023-06-03 14:30:18.647 [main] StepDef - Cypress Real World App Loaded Success
[INFO ] 2023-06-03 14:30:19.182 [main] StepDef - email address and password entered
[INFO ] 2023-06-03 14:30:19.341 [main] StepDef - Clicked on login button
[INFO ] 2023-06-03 14:30:19.356 [main] StepDef - user can view dashboard test passed.
[FATAL] 2023-06-03 14:31:36.487 [main] StepDef - Setup1 executed...
[INFO ] 2023-06-03 14:31:36.539 [main] StepDef - chrome browser launched
[INFO ] 2023-06-03 14:31:39.373 [main] StepDef - url opened
[INFO ] 2023-06-03 14:31:39.481 [main] StepDef - Cypress Real World App Loaded Success
[INFO ] 2023-06-03 14:31:40.095 [main] StepDef - email address and password entered
[INFO ] 2023-06-03 14:31:40.231 [main] StepDef - Clicked on login button
[INFO ] 2023-06-03 14:31:40.256 [main] StepDef - user can view dashboard test passed.
[INFO ] 2023-06-03 14:31:43.435 [main] StepDef - customer menu item clicked
[INFO ] 2023-06-03 14:31:46.241 [main] StepDef - User can view Paid confirmation message - passed
[INFO ] 2023-06-03 14:31:46.510 [main] StepDef - Browser closed
[FATAL] 2023-06-03 14:31:48.741 [main] StepDef - Setup1 executed...
[INFO ] 2023-06-03 14:31:48.747 [main] StepDef - chrome browser launched
[INFO ] 2023-06-03 14:31:51.512 [main] StepDef - url opened
[INFO ] 2023-06-03 14:31:51.603 [main] StepDef - Cypress Real World App Loaded Success
[INFO ] 2023-06-03 14:31:52.178 [main] StepDef - email address and password entered
[INFO ] 2023-06-03 14:31:52.308 [main] StepDef - Clicked on login button
[INFO ] 2023-06-03 14:31:52.346 [main] StepDef - user can view dashboard test passed.
[INFO ] 2023-06-03 14:31:55.469 [main] StepDef - customer menu item clicked
[INFO ] 2023-06-03 14:31:58.253 [main] StepDef - User can view Paid confirmation message - passed
[INFO ] 2023-06-03 14:31:58.519 [main] StepDef - Browser closed
[FATAL] 2023-06-03 14:32:00.452 [main] StepDef - Setup1 executed...
[INFO ] 2023-06-03 14:32:00.455 [main] StepDef - chrome browser launched
[INFO ] 2023-06-03 14:32:03.190 [main] StepDef - url opened
[INFO ] 2023-06-03 14:32:03.264 [main] StepDef - Cypress Real World App Loaded Success
[INFO ] 2023-06-03 14:32:03.891 [main] StepDef - email address and password entered
[INFO ] 2023-06-03 14:32:04.010 [main] StepDef - Clicked on login button
[INFO ] 2023-06-03 14:32:04.018 [main] StepDef - user can view dashboard test passed.
[INFO ] 2023-06-03 14:32:06.219 [main] StepDef - clicked on Bank Account Creation
[FATAL] 2023-06-03 14:34:45.254 [main] StepDef - Setup1 executed...
[INFO ] 2023-06-03 14:34:45.306 [main] StepDef - chrome browser launched
[INFO ] 2023-06-03 14:34:48.071 [main] StepDef - url opened
[INFO ] 2023-06-03 14:34:48.170 [main] StepDef - Cypress Real World App Loaded Success
[INFO ] 2023-06-03 14:34:48.732 [main] StepDef - email address and password entered
[INFO ] 2023-06-03 14:34:48.865 [main] StepDef - Clicked on login button
[INFO ] 2023-06-03 14:34:48.890 [main] StepDef - user can view dashboard test passed.
[INFO ] 2023-06-03 14:34:52.061 [main] StepDef - customer menu item clicked
[INFO ] 2023-06-03 14:34:54.881 [main] StepDef - User can view Paid confirmation message - passed
[INFO ] 2023-06-03 14:34:55.148 [main] StepDef - Browser closed
[FATAL] 2023-06-03 14:34:57.496 [main] StepDef - Setup1 executed...
[INFO ] 2023-06-03 14:34:57.503 [main] StepDef - chrome browser launched
[INFO ] 2023-06-03 14:35:00.334 [main] StepDef - url opened
[INFO ] 2023-06-03 14:35:00.443 [main] StepDef - Cypress Real World App Loaded Success
[INFO ] 2023-06-03 14:35:00.986 [main] StepDef - email address and password entered
[INFO ] 2023-06-03 14:35:01.125 [main] StepDef - Clicked on login button
[INFO ] 2023-06-03 14:35:01.135 [main] StepDef - user can view dashboard test passed.
[INFO ] 2023-06-03 14:35:04.294 [main] StepDef - customer menu item clicked
[INFO ] 2023-06-03 14:35:07.067 [main] StepDef - User can view Paid confirmation message - passed
[INFO ] 2023-06-03 14:35:07.313 [main] StepDef - Browser closed
[FATAL] 2023-06-03 14:35:09.082 [main] StepDef - Setup1 executed...
[INFO ] 2023-06-03 14:35:09.084 [main] StepDef - chrome browser launched
[INFO ] 2023-06-03 14:35:11.829 [main] StepDef - url opened
[INFO ] 2023-06-03 14:35:11.905 [main] StepDef - Cypress Real World App Loaded Success
[INFO ] 2023-06-03 14:35:12.489 [main] StepDef - email address and password entered
[INFO ] 2023-06-03 14:35:12.626 [main] StepDef - Clicked on login button
[INFO ] 2023-06-03 14:35:12.655 [main] StepDef - user can view dashboard test passed.
[INFO ] 2023-06-03 14:35:14.829 [main] StepDef - clicked on Bank Account Creation
[FATAL] 2023-06-03 14:37:33.934 [main] StepDef - Setup1 executed...
[INFO ] 2023-06-03 14:37:33.992 [main] StepDef - chrome browser launched
[INFO ] 2023-06-03 14:37:36.774 [main] StepDef - url opened
[INFO ] 2023-06-03 14:37:36.875 [main] StepDef - Cypress Real World App Loaded Success
[INFO ] 2023-06-03 14:37:37.427 [main] StepDef - email address and password entered
[INFO ] 2023-06-03 14:37:37.577 [main] StepDef - Clicked on login button
[INFO ] 2023-06-03 14:37:37.586 [main] StepDef - user can view dashboard test passed.
[INFO ] 2023-06-03 14:37:40.743 [main] StepDef - customer menu item clicked
[INFO ] 2023-06-03 14:37:43.607 [main] StepDef - User can view Paid confirmation message - passed
[INFO ] 2023-06-03 14:37:43.879 [main] StepDef - Browser closed
[FATAL] 2023-06-03 14:37:45.856 [main] StepDef - Setup1 executed...
[INFO ] 2023-06-03 14:37:45.861 [main] StepDef - chrome browser launched
[INFO ] 2023-06-03 14:37:48.608 [main] StepDef - url opened
[INFO ] 2023-06-03 14:37:48.730 [main] StepDef - Cypress Real World App Loaded Success
[INFO ] 2023-06-03 14:37:49.261 [main] StepDef - email address and password entered
[INFO ] 2023-06-03 14:37:49.401 [main] StepDef - Clicked on login button
[INFO ] 2023-06-03 14:37:49.411 [main] StepDef - user can view dashboard test passed.
[INFO ] 2023-06-03 14:37:52.592 [main] StepDef - customer menu item clicked
[INFO ] 2023-06-03 14:37:55.393 [main] StepDef - User can view Paid confirmation message - passed
[INFO ] 2023-06-03 14:37:55.721 [main] StepDef - Browser closed
[FATAL] 2023-06-03 14:37:58.388 [main] StepDef - Setup1 executed...
[INFO ] 2023-06-03 14:37:58.391 [main] StepDef - chrome browser launched
[INFO ] 2023-06-03 14:38:01.173 [main] StepDef - url opened
[INFO ] 2023-06-03 14:38:01.242 [main] StepDef - Cypress Real World App Loaded Success
[INFO ] 2023-06-03 14:38:01.810 [main] StepDef - email address and password entered
[INFO ] 2023-06-03 14:38:01.973 [main] StepDef - Clicked on login button
[INFO ] 2023-06-03 14:38:01.986 [main] StepDef - user can view dashboard test passed.
[INFO ] 2023-06-03 14:38:04.261 [main] StepDef - clicked on Bank Account Creation
[INFO ] 2023-06-03 14:38:05.901 [main] StepDef - Entered Bank Name
[INFO ] 2023-06-03 14:38:06.083 [main] StepDef - clicked on add new button.
[INFO ] 2023-06-03 14:38:06.269 [main] StepDef - clicked on add new button.
[INFO ] 2023-06-03 14:38:06.377 [main] StepDef - clicked on save button.
[INFO ] 2023-06-03 14:38:06.476 [main] StepDef - user clicked on logout link.
[FATAL] 2023-06-03 14:40:02.923 [main] StepDef - Setup1 executed...
[INFO ] 2023-06-03 14:40:02.972 [main] StepDef - chrome browser launched
[INFO ] 2023-06-03 14:40:05.816 [main] StepDef - url opened
[INFO ] 2023-06-03 14:40:05.915 [main] StepDef - Cypress Real World App Loaded Success
[INFO ] 2023-06-03 14:40:06.478 [main] StepDef - email address and password entered
[INFO ] 2023-06-03 14:40:06.629 [main] StepDef - Clicked on login button
[INFO ] 2023-06-03 14:40:06.648 [main] StepDef - user can view dashboard test passed.
[INFO ] 2023-06-03 14:40:09.858 [main] StepDef - customer menu item clicked
[INFO ] 2023-06-03 14:40:12.682 [main] StepDef - User can view Paid confirmation message - passed
[INFO ] 2023-06-03 14:40:12.966 [main] StepDef - Browser closed
[FATAL] 2023-06-03 14:40:15.450 [main] StepDef - Setup1 executed...
[INFO ] 2023-06-03 14:40:15.456 [main] StepDef - chrome browser launched
[INFO ] 2023-06-03 14:40:18.227 [main] StepDef - url opened
[INFO ] 2023-06-03 14:40:18.331 [main] StepDef - Cypress Real World App Loaded Success
[INFO ] 2023-06-03 14:40:18.867 [main] StepDef - email address and password entered
[INFO ] 2023-06-03 14:40:19.010 [main] StepDef - Clicked on login button
[INFO ] 2023-06-03 14:40:19.033 [main] StepDef - user can view dashboard test passed.
[INFO ] 2023-06-03 14:40:22.189 [main] StepDef - customer menu item clicked
[INFO ] 2023-06-03 14:40:24.991 [main] StepDef - User can view Paid confirmation message - passed
[INFO ] 2023-06-03 14:40:25.206 [main] StepDef - Browser closed
[FATAL] 2023-06-03 14:40:26.858 [main] StepDef - Setup1 executed...
[INFO ] 2023-06-03 14:40:26.861 [main] StepDef - chrome browser launched
[INFO ] 2023-06-03 14:40:29.790 [main] StepDef - url opened
[INFO ] 2023-06-03 14:40:29.862 [main] StepDef - Cypress Real World App Loaded Success
[INFO ] 2023-06-03 14:40:30.468 [main] StepDef - email address and password entered
[INFO ] 2023-06-03 14:40:30.645 [main] StepDef - Clicked on login button
[INFO ] 2023-06-03 14:40:30.659 [main] StepDef - user can view dashboard test passed.
[INFO ] 2023-06-03 14:40:32.950 [main] StepDef - clicked on Bank Account Creation
[INFO ] 2023-06-03 14:40:34.600 [main] StepDef - Entered Bank Name
[INFO ] 2023-06-03 14:40:34.786 [main] StepDef - clicked on add new button.
[INFO ] 2023-06-03 14:40:34.991 [main] StepDef - clicked on add new button.
[INFO ] 2023-06-03 14:40:35.098 [main] StepDef - clicked on save button.
[INFO ] 2023-06-03 14:40:35.208 [main] StepDef - user clicked on logout link.
[FATAL] 2023-06-03 15:51:30.296 [main] StepDef - Setup1 executed...
[INFO ] 2023-06-03 15:51:30.343 [main] StepDef - chrome browser launched
[INFO ] 2023-06-03 15:51:33.114 [main] StepDef - url opened
[INFO ] 2023-06-03 15:51:33.204 [main] StepDef - Cypress Real World App Loaded Success
[INFO ] 2023-06-03 15:51:33.806 [main] StepDef - email address and password entered
[INFO ] 2023-06-03 15:51:33.949 [main] StepDef - Clicked on login button
[INFO ] 2023-06-03 15:51:33.973 [main] StepDef - user can view dashboard test passed.
[INFO ] 2023-06-03 15:51:37.146 [main] StepDef - customer menu item clicked
[INFO ] 2023-06-03 15:51:39.948 [main] StepDef - User can view Paid confirmation message - passed
[INFO ] 2023-06-03 15:51:40.152 [main] StepDef - Browser closed
[FATAL] 2023-06-03 15:51:42.659 [main] StepDef - Setup1 executed...
[INFO ] 2023-06-03 15:51:42.663 [main] StepDef - chrome browser launched
[INFO ] 2023-06-03 15:51:45.397 [main] StepDef - url opened
[INFO ] 2023-06-03 15:51:45.471 [main] StepDef - Cypress Real World App Loaded Success
[INFO ] 2023-06-03 15:51:46.026 [main] StepDef - email address and password entered
[INFO ] 2023-06-03 15:51:46.172 [main] StepDef - Clicked on login button
[INFO ] 2023-06-03 15:51:46.198 [main] StepDef - user can view dashboard test passed.
[INFO ] 2023-06-03 15:51:49.331 [main] StepDef - customer menu item clicked
[INFO ] 2023-06-03 15:51:52.106 [main] StepDef - User can view Paid confirmation message - passed
[INFO ] 2023-06-03 15:51:52.326 [main] StepDef - Browser closed
[FATAL] 2023-06-03 15:51:54.056 [main] StepDef - Setup1 executed...
[INFO ] 2023-06-03 15:51:54.060 [main] StepDef - chrome browser launched
[INFO ] 2023-06-03 15:51:56.770 [main] StepDef - url opened
[INFO ] 2023-06-03 15:51:56.839 [main] StepDef - Cypress Real World App Loaded Success
[INFO ] 2023-06-03 15:51:57.402 [main] StepDef - email address and password entered
[INFO ] 2023-06-03 15:51:57.582 [main] StepDef - Clicked on login button
[INFO ] 2023-06-03 15:51:57.589 [main] StepDef - user can view dashboard test passed.
[INFO ] 2023-06-03 15:51:59.863 [main] StepDef - clicked on Bank Account Creation
[INFO ] 2023-06-03 15:52:01.512 [main] StepDef - Entered Bank Name
[INFO ] 2023-06-03 15:52:01.692 [main] StepDef - clicked on add new button.
[INFO ] 2023-06-03 15:52:01.882 [main] StepDef - clicked on add new button.
[INFO ] 2023-06-03 15:52:01.985 [main] StepDef - clicked on save button.
[INFO ] 2023-06-03 15:52:02.084 [main] StepDef - user clicked on logout link.
